-------------------------------------------------------------------------------
Test set: com.example.task_manager.service_tests.TeamMemberServiceTest
-------------------------------------------------------------------------------
Tests run: 14, Failures: 1, Errors: 0, Skipped: 0, Time elapsed: 12.48 s <<< FAILURE! -- in com.example.task_manager.service_tests.TeamMemberServiceTest
com.example.task_manager.service_tests.TeamMemberServiceTest.testGetTeamsForMember -- Time elapsed: 0.865 s <<< FAILURE!
org.opentest4j.AssertionFailedError: expected: <11724> but was: <11725>
	at org.junit.jupiter.api.AssertionFailureBuilder.build(AssertionFailureBuilder.java:151)
	at org.junit.jupiter.api.AssertionFailureBuilder.buildAndThrow(AssertionFailureBuilder.java:132)
	at org.junit.jupiter.api.AssertEquals.failNotEqual(AssertEquals.java:197)
	at org.junit.jupiter.api.AssertEquals.assertEquals(AssertEquals.java:150)
	at org.junit.jupiter.api.AssertEquals.assertEquals(AssertEquals.java:145)
	at org.junit.jupiter.api.Assertions.assertEquals(Assertions.java:531)
	at com.example.task_manager.service_tests.TeamMemberServiceTest.testGetTeamsForMember(TeamMemberServiceTest.java:268)
	at java.base/java.lang.reflect.Method.invoke(Method.java:580)
	at java.base/java.util.ArrayList.forEach(ArrayList.java:1596)
	at java.base/java.util.ArrayList.forEach(ArrayList.java:1596)

