<?xml version="1.0" encoding="UTF-8"?>
<testsuite xmlns:xsi="http://www.w3.org/2001/XMLSchema-instance" xsi:noNamespaceSchemaLocation="https://maven.apache.org/surefire/maven-surefire-plugin/xsd/surefire-test-report.xsd" version="3.0.2" name="com.example.task_manager.service_tests.AdminServiceTest" time="64.422" tests="13" errors="0" skipped="0" failures="0">
  <properties>
[...]
</properties>
  <testcase name="testDeleteAdmin" classname="com.example.task_manager.service_tests.AdminServiceTest" time="1.085">
    <system-out><![CDATA[2025-03-14T22:55:58.371-07:00  INFO 31396 --- [task-manager] [           main] t.c.s.AnnotationConfigContextLoaderUtils : Could not detect default configuration classes for test class [com.example.task_manager.service_tests.AdminServiceTest]: AdminServiceTest does not declare any static, non-private, non-final, nested classes annotated with @Configuration.
2025-03-14T22:55:58.380-07:00  INFO 31396 --- [task-manager] [           main] .b.t.c.SpringBootTestContextBootstrapper : Found @SpringBootConfiguration com.example.task_manager.TaskManagerApplication for test class com.example.task_manager.service_tests.AdminServiceTest
2025-03-14T22:55:58.383-07:00  INFO 31396 --- [task-manager] [           main] o.s.b.d.r.RestartApplicationListener     : Restart disabled due to context in which it is running
2025-03-14T22:55:58.400-07:00 DEBUG 31396 --- [task-manager] [           main] o.s.c.e.PropertySourcesPropertyResolver  : Found key 'spring.application.name' in PropertySource 'configurationProperties' with value of type String

  .   ____          _            __ _ _
 /\\ / ___'_ __ _ _(_)_ __  __ _ \ \ \ \
( ( )\___ | '_ | '_| | '_ \/ _` | \ \ \ \
 \\/  ___)| |_)| | | | | || (_| |  ) ) ) )
  '  |____| .__|_| |_|_| |_\__, | / / / /
 =========|_|==============|___/=/_/_/_/

 :: Spring Boot ::                (v3.4.2)

2025-03-14T22:55:58.405-07:00  INFO 31396 --- [task-manager] [           main] c.e.t.service_tests.AdminServiceTest     : Starting AdminServiceTest using Java 21.0.5 with PID 31396 (started by timmi in C:\Users\timmi\OneDrive\Documents\School\UBC\2024-25 T2\COSC 310\group project\COSC310_GroupProject_v3\COSC310_GroupProject\backend\task-manager)
2025-03-14T22:55:58.405-07:00  INFO 31396 --- [task-manager] [           main] c.e.t.service_tests.AdminServiceTest     : The following 1 profile is active: "dev"
2025-03-14T22:55:58.544-07:00  INFO 31396 --- [task-manager] [           main] .s.d.r.c.RepositoryConfigurationDelegate : Bootstrapping Spring Data JPA repositories in DEFAULT mode.
2025-03-14T22:55:58.561-07:00  INFO 31396 --- [task-manager] [           main] .s.d.r.c.RepositoryConfigurationDelegate : Finished Spring Data repository scanning in 16 ms. Found 7 JPA repository interfaces.
2025-03-14T22:55:58.613-07:00  INFO 31396 --- [task-manager] [           main] o.hibernate.jpa.internal.util.LogHelper  : HHH000204: Processing PersistenceUnitInfo [name: default]
2025-03-14T22:55:58.617-07:00  INFO 31396 --- [task-manager] [           main] o.h.c.internal.RegionFactoryInitiator    : HHH000026: Second-level cache disabled
2025-03-14T22:55:58.627-07:00  INFO 31396 --- [task-manager] [           main] o.s.o.j.p.SpringPersistenceUnitInfo      : No LoadTimeWeaver setup: ignoring JPA class transformer
2025-03-14T22:55:58.628-07:00  INFO 31396 --- [task-manager] [           main] com.zaxxer.hikari.HikariDataSource       : HikariPool-3 - Starting...
2025-03-14T22:55:59.654-07:00  INFO 31396 --- [task-manager] [           main] com.zaxxer.hikari.pool.HikariPool        : HikariPool-3 - Added connection com.mysql.cj.jdbc.ConnectionImpl@138a00fa
2025-03-14T22:55:59.654-07:00  INFO 31396 --- [task-manager] [           main] com.zaxxer.hikari.HikariDataSource       : HikariPool-3 - Start completed.
2025-03-14T22:55:59.654-07:00  WARN 31396 --- [task-manager] [           main] org.hibernate.orm.deprecation            : HHH90000025: MySQL8Dialect does not need to be specified explicitly using 'hibernate.dialect' (remove the property setting and it will be selected by default)
2025-03-14T22:55:59.654-07:00  WARN 31396 --- [task-manager] [           main] org.hibernate.orm.deprecation            : HHH90000026: MySQL8Dialect has been deprecated; use org.hibernate.dialect.MySQLDialect instead
2025-03-14T22:55:59.655-07:00  INFO 31396 --- [task-manager] [           main] org.hibernate.orm.connections.pooling    : HHH10001005: Database info:
	Database JDBC URL [Connecting through datasource 'HikariDataSource (HikariPool-3)']
	Database driver: undefined/unknown
	Database version: 8.0
	Autocommit mode: undefined/unknown
	Isolation level: undefined/unknown
	Minimum pool size: undefined/unknown
	Maximum pool size: undefined/unknown
2025-03-14T22:55:59.738-07:00  INFO 31396 --- [task-manager] [           main] o.h.e.t.j.p.i.JtaPlatformInitiator       : HHH000489: No JTA platform available (set 'hibernate.transaction.jta.platform' to enable JTA platform integration)
2025-03-14T22:56:02.178-07:00  INFO 31396 --- [task-manager] [           main] j.LocalContainerEntityManagerFactoryBean : Initialized JPA EntityManagerFactory for persistence unit 'default'
2025-03-14T22:56:02.255-07:00  WARN 31396 --- [task-manager] [           main] JpaBaseConfiguration$JpaWebConfiguration : spring.jpa.open-in-view is enabled by default. Therefore, database queries may be performed during view rendering. Explicitly configure spring.jpa.open-in-view to disable this warning
2025-03-14T22:56:02.320-07:00  INFO 31396 --- [task-manager] [           main] c.e.t.service_tests.AdminServiceTest     : Started AdminServiceTest in 3.937 seconds (process running for 70.971)
Hibernate: insert into team_member (user_email,user_name) values (?,?)
Hibernate: insert into admin (account_id) values (?)
Hibernate: select count(*) from admin a1_0 where a1_0.account_id=?
2025-03-14T22:56:02.951-07:00  INFO 31396 --- [task-manager] [           main] j.LocalContainerEntityManagerFactoryBean : Closing JPA EntityManagerFactory for persistence unit 'default'
2025-03-14T22:56:02.952-07:00  INFO 31396 --- [task-manager] [           main] com.zaxxer.hikari.HikariDataSource       : HikariPool-3 - Shutdown initiated...
2025-03-14T22:56:03.407-07:00  INFO 31396 --- [task-manager] [           main] com.zaxxer.hikari.HikariDataSource       : HikariPool-3 - Shutdown completed.
]]></system-out>
  </testcase>
  <testcase name="testLockTask" classname="com.example.task_manager.service_tests.AdminServiceTest" time="0.902">
    <system-out><![CDATA[2025-03-14T22:56:03.411-07:00  INFO 31396 --- [task-manager] [           main] o.s.b.d.r.RestartApplicationListener     : Restart disabled due to context in which it is running

  .   ____          _            __ _ _
 /\\ / ___'_ __ _ _(_)_ __  __ _ \ \ \ \
( ( )\___ | '_ | '_| | '_ \/ _` | \ \ \ \
 \\/  ___)| |_)| | | | | || (_| |  ) ) ) )
  '  |____| .__|_| |_|_| |_\__, | / / / /
 =========|_|==============|___/=/_/_/_/

 :: Spring Boot ::                (v3.4.2)

2025-03-14T22:56:03.432-07:00  INFO 31396 --- [task-manager] [           main] c.e.t.service_tests.AdminServiceTest     : Starting AdminServiceTest using Java 21.0.5 with PID 31396 (started by timmi in C:\Users\timmi\OneDrive\Documents\School\UBC\2024-25 T2\COSC 310\group project\COSC310_GroupProject_v3\COSC310_GroupProject\backend\task-manager)
2025-03-14T22:56:03.432-07:00  INFO 31396 --- [task-manager] [           main] c.e.t.service_tests.AdminServiceTest     : The following 1 profile is active: "dev"
2025-03-14T22:56:03.564-07:00  INFO 31396 --- [task-manager] [           main] .s.d.r.c.RepositoryConfigurationDelegate : Bootstrapping Spring Data JPA repositories in DEFAULT mode.
2025-03-14T22:56:03.581-07:00  INFO 31396 --- [task-manager] [           main] .s.d.r.c.RepositoryConfigurationDelegate : Finished Spring Data repository scanning in 16 ms. Found 7 JPA repository interfaces.
2025-03-14T22:56:03.632-07:00  INFO 31396 --- [task-manager] [           main] o.hibernate.jpa.internal.util.LogHelper  : HHH000204: Processing PersistenceUnitInfo [name: default]
2025-03-14T22:56:03.635-07:00  INFO 31396 --- [task-manager] [           main] o.h.c.internal.RegionFactoryInitiator    : HHH000026: Second-level cache disabled
2025-03-14T22:56:03.644-07:00  INFO 31396 --- [task-manager] [           main] o.s.o.j.p.SpringPersistenceUnitInfo      : No LoadTimeWeaver setup: ignoring JPA class transformer
2025-03-14T22:56:03.645-07:00  INFO 31396 --- [task-manager] [           main] com.zaxxer.hikari.HikariDataSource       : HikariPool-4 - Starting...
2025-03-14T22:56:04.633-07:00  INFO 31396 --- [task-manager] [           main] com.zaxxer.hikari.pool.HikariPool        : HikariPool-4 - Added connection com.mysql.cj.jdbc.ConnectionImpl@ad89c4
2025-03-14T22:56:04.633-07:00  INFO 31396 --- [task-manager] [           main] com.zaxxer.hikari.HikariDataSource       : HikariPool-4 - Start completed.
2025-03-14T22:56:04.633-07:00  WARN 31396 --- [task-manager] [           main] org.hibernate.orm.deprecation            : HHH90000025: MySQL8Dialect does not need to be specified explicitly using 'hibernate.dialect' (remove the property setting and it will be selected by default)
2025-03-14T22:56:04.633-07:00  WARN 31396 --- [task-manager] [           main] org.hibernate.orm.deprecation            : HHH90000026: MySQL8Dialect has been deprecated; use org.hibernate.dialect.MySQLDialect instead
2025-03-14T22:56:04.633-07:00  INFO 31396 --- [task-manager] [           main] org.hibernate.orm.connections.pooling    : HHH10001005: Database info:
	Database JDBC URL [Connecting through datasource 'HikariDataSource (HikariPool-4)']
	Database driver: undefined/unknown
	Database version: 8.0
	Autocommit mode: undefined/unknown
	Isolation level: undefined/unknown
	Minimum pool size: undefined/unknown
	Maximum pool size: undefined/unknown
2025-03-14T22:56:04.704-07:00  INFO 31396 --- [task-manager] [           main] o.h.e.t.j.p.i.JtaPlatformInitiator       : HHH000489: No JTA platform available (set 'hibernate.transaction.jta.platform' to enable JTA platform integration)
2025-03-14T22:56:07.202-07:00  INFO 31396 --- [task-manager] [           main] j.LocalContainerEntityManagerFactoryBean : Initialized JPA EntityManagerFactory for persistence unit 'default'
2025-03-14T22:56:07.268-07:00  WARN 31396 --- [task-manager] [           main] JpaBaseConfiguration$JpaWebConfiguration : spring.jpa.open-in-view is enabled by default. Therefore, database queries may be performed during view rendering. Explicitly configure spring.jpa.open-in-view to disable this warning
2025-03-14T22:56:07.353-07:00  INFO 31396 --- [task-manager] [           main] c.e.t.service_tests.AdminServiceTest     : Started AdminServiceTest in 3.943 seconds (process running for 76.003)
Hibernate: insert into team (team_lead_id,team_name) values (?,?)
Hibernate: insert into task (date_created,description,due_date,expected_completion_date,is_locked,status,team_id,title) values (?,?,?,?,?,?,?,?)
2025-03-14T22:56:07.798-07:00  INFO 31396 --- [task-manager] [           main] j.LocalContainerEntityManagerFactoryBean : Closing JPA EntityManagerFactory for persistence unit 'default'
2025-03-14T22:56:07.798-07:00  INFO 31396 --- [task-manager] [           main] com.zaxxer.hikari.HikariDataSource       : HikariPool-4 - Shutdown initiated...
2025-03-14T22:56:08.256-07:00  INFO 31396 --- [task-manager] [           main] com.zaxxer.hikari.HikariDataSource       : HikariPool-4 - Shutdown completed.
]]></system-out>
  </testcase>
  <testcase name="testUnlockTask" classname="com.example.task_manager.service_tests.AdminServiceTest" time="0.965">
    <system-out><![CDATA[2025-03-14T22:56:08.258-07:00  INFO 31396 --- [task-manager] [           main] o.s.b.d.r.RestartApplicationListener     : Restart disabled due to context in which it is running

  .   ____          _            __ _ _
 /\\ / ___'_ __ _ _(_)_ __  __ _ \ \ \ \
( ( )\___ | '_ | '_| | '_ \/ _` | \ \ \ \
 \\/  ___)| |_)| | | | | || (_| |  ) ) ) )
  '  |____| .__|_| |_|_| |_\__, | / / / /
 =========|_|==============|___/=/_/_/_/

 :: Spring Boot ::                (v3.4.2)

2025-03-14T22:56:08.277-07:00  INFO 31396 --- [task-manager] [           main] c.e.t.service_tests.AdminServiceTest     : Starting AdminServiceTest using Java 21.0.5 with PID 31396 (started by timmi in C:\Users\timmi\OneDrive\Documents\School\UBC\2024-25 T2\COSC 310\group project\COSC310_GroupProject_v3\COSC310_GroupProject\backend\task-manager)
2025-03-14T22:56:08.277-07:00  INFO 31396 --- [task-manager] [           main] c.e.t.service_tests.AdminServiceTest     : The following 1 profile is active: "dev"
2025-03-14T22:56:08.404-07:00  INFO 31396 --- [task-manager] [           main] .s.d.r.c.RepositoryConfigurationDelegate : Bootstrapping Spring Data JPA repositories in DEFAULT mode.
2025-03-14T22:56:08.419-07:00  INFO 31396 --- [task-manager] [           main] .s.d.r.c.RepositoryConfigurationDelegate : Finished Spring Data repository scanning in 14 ms. Found 7 JPA repository interfaces.
2025-03-14T22:56:08.457-07:00  INFO 31396 --- [task-manager] [           main] o.hibernate.jpa.internal.util.LogHelper  : HHH000204: Processing PersistenceUnitInfo [name: default]
2025-03-14T22:56:08.461-07:00  INFO 31396 --- [task-manager] [           main] o.h.c.internal.RegionFactoryInitiator    : HHH000026: Second-level cache disabled
2025-03-14T22:56:08.470-07:00  INFO 31396 --- [task-manager] [           main] o.s.o.j.p.SpringPersistenceUnitInfo      : No LoadTimeWeaver setup: ignoring JPA class transformer
2025-03-14T22:56:08.471-07:00  INFO 31396 --- [task-manager] [           main] com.zaxxer.hikari.HikariDataSource       : HikariPool-5 - Starting...
2025-03-14T22:56:09.451-07:00  INFO 31396 --- [task-manager] [           main] com.zaxxer.hikari.pool.HikariPool        : HikariPool-5 - Added connection com.mysql.cj.jdbc.ConnectionImpl@46f358a9
2025-03-14T22:56:09.451-07:00  INFO 31396 --- [task-manager] [           main] com.zaxxer.hikari.HikariDataSource       : HikariPool-5 - Start completed.
2025-03-14T22:56:09.452-07:00  WARN 31396 --- [task-manager] [           main] org.hibernate.orm.deprecation            : HHH90000025: MySQL8Dialect does not need to be specified explicitly using 'hibernate.dialect' (remove the property setting and it will be selected by default)
2025-03-14T22:56:09.452-07:00  WARN 31396 --- [task-manager] [           main] org.hibernate.orm.deprecation            : HHH90000026: MySQL8Dialect has been deprecated; use org.hibernate.dialect.MySQLDialect instead
2025-03-14T22:56:09.452-07:00  INFO 31396 --- [task-manager] [           main] org.hibernate.orm.connections.pooling    : HHH10001005: Database info:
	Database JDBC URL [Connecting through datasource 'HikariDataSource (HikariPool-5)']
	Database driver: undefined/unknown
	Database version: 8.0
	Autocommit mode: undefined/unknown
	Isolation level: undefined/unknown
	Minimum pool size: undefined/unknown
	Maximum pool size: undefined/unknown
2025-03-14T22:56:09.534-07:00  INFO 31396 --- [task-manager] [           main] o.h.e.t.j.p.i.JtaPlatformInitiator       : HHH000489: No JTA platform available (set 'hibernate.transaction.jta.platform' to enable JTA platform integration)
2025-03-14T22:56:11.980-07:00  INFO 31396 --- [task-manager] [           main] j.LocalContainerEntityManagerFactoryBean : Initialized JPA EntityManagerFactory for persistence unit 'default'
2025-03-14T22:56:12.043-07:00  WARN 31396 --- [task-manager] [           main] JpaBaseConfiguration$JpaWebConfiguration : spring.jpa.open-in-view is enabled by default. Therefore, database queries may be performed during view rendering. Explicitly configure spring.jpa.open-in-view to disable this warning
2025-03-14T22:56:12.093-07:00  INFO 31396 --- [task-manager] [           main] c.e.t.service_tests.AdminServiceTest     : Started AdminServiceTest in 3.835 seconds (process running for 80.743)
Hibernate: insert into team (team_lead_id,team_name) values (?,?)
Hibernate: insert into task (date_created,description,due_date,expected_completion_date,is_locked,status,team_id,title) values (?,?,?,?,?,?,?,?)
2025-03-14T22:56:12.547-07:00  INFO 31396 --- [task-manager] [           main] j.LocalContainerEntityManagerFactoryBean : Closing JPA EntityManagerFactory for persistence unit 'default'
2025-03-14T22:56:12.547-07:00  INFO 31396 --- [task-manager] [           main] com.zaxxer.hikari.HikariDataSource       : HikariPool-5 - Shutdown initiated...
2025-03-14T22:56:13.058-07:00  INFO 31396 --- [task-manager] [           main] com.zaxxer.hikari.HikariDataSource       : HikariPool-5 - Shutdown completed.
]]></system-out>
  </testcase>
  <testcase name="testAssignToTeam" classname="com.example.task_manager.service_tests.AdminServiceTest" time="1.813">
    <system-out><![CDATA[2025-03-14T22:56:13.060-07:00  INFO 31396 --- [task-manager] [           main] o.s.b.d.r.RestartApplicationListener     : Restart disabled due to context in which it is running

  .   ____          _            __ _ _
 /\\ / ___'_ __ _ _(_)_ __  __ _ \ \ \ \
( ( )\___ | '_ | '_| | '_ \/ _` | \ \ \ \
 \\/  ___)| |_)| | | | | || (_| |  ) ) ) )
  '  |____| .__|_| |_|_| |_\__, | / / / /
 =========|_|==============|___/=/_/_/_/

 :: Spring Boot ::                (v3.4.2)

2025-03-14T22:56:13.077-07:00  INFO 31396 --- [task-manager] [           main] c.e.t.service_tests.AdminServiceTest     : Starting AdminServiceTest using Java 21.0.5 with PID 31396 (started by timmi in C:\Users\timmi\OneDrive\Documents\School\UBC\2024-25 T2\COSC 310\group project\COSC310_GroupProject_v3\COSC310_GroupProject\backend\task-manager)
2025-03-14T22:56:13.077-07:00  INFO 31396 --- [task-manager] [           main] c.e.t.service_tests.AdminServiceTest     : The following 1 profile is active: "dev"
2025-03-14T22:56:13.187-07:00  INFO 31396 --- [task-manager] [           main] .s.d.r.c.RepositoryConfigurationDelegate : Bootstrapping Spring Data JPA repositories in DEFAULT mode.
2025-03-14T22:56:13.203-07:00  INFO 31396 --- [task-manager] [           main] .s.d.r.c.RepositoryConfigurationDelegate : Finished Spring Data repository scanning in 15 ms. Found 7 JPA repository interfaces.
2025-03-14T22:56:13.253-07:00  INFO 31396 --- [task-manager] [           main] o.hibernate.jpa.internal.util.LogHelper  : HHH000204: Processing PersistenceUnitInfo [name: default]
2025-03-14T22:56:13.269-07:00  INFO 31396 --- [task-manager] [           main] o.h.c.internal.RegionFactoryInitiator    : HHH000026: Second-level cache disabled
2025-03-14T22:56:13.282-07:00  INFO 31396 --- [task-manager] [           main] o.s.o.j.p.SpringPersistenceUnitInfo      : No LoadTimeWeaver setup: ignoring JPA class transformer
2025-03-14T22:56:13.283-07:00  INFO 31396 --- [task-manager] [           main] com.zaxxer.hikari.HikariDataSource       : HikariPool-6 - Starting...
2025-03-14T22:56:14.260-07:00  INFO 31396 --- [task-manager] [           main] com.zaxxer.hikari.pool.HikariPool        : HikariPool-6 - Added connection com.mysql.cj.jdbc.ConnectionImpl@1faef660
2025-03-14T22:56:14.260-07:00  INFO 31396 --- [task-manager] [           main] com.zaxxer.hikari.HikariDataSource       : HikariPool-6 - Start completed.
2025-03-14T22:56:14.261-07:00  WARN 31396 --- [task-manager] [           main] org.hibernate.orm.deprecation            : HHH90000025: MySQL8Dialect does not need to be specified explicitly using 'hibernate.dialect' (remove the property setting and it will be selected by default)
2025-03-14T22:56:14.261-07:00  WARN 31396 --- [task-manager] [           main] org.hibernate.orm.deprecation            : HHH90000026: MySQL8Dialect has been deprecated; use org.hibernate.dialect.MySQLDialect instead
2025-03-14T22:56:14.261-07:00  INFO 31396 --- [task-manager] [           main] org.hibernate.orm.connections.pooling    : HHH10001005: Database info:
	Database JDBC URL [Connecting through datasource 'HikariDataSource (HikariPool-6)']
	Database driver: undefined/unknown
	Database version: 8.0
	Autocommit mode: undefined/unknown
	Isolation level: undefined/unknown
	Minimum pool size: undefined/unknown
	Maximum pool size: undefined/unknown
2025-03-14T22:56:14.334-07:00  INFO 31396 --- [task-manager] [           main] o.h.e.t.j.p.i.JtaPlatformInitiator       : HHH000489: No JTA platform available (set 'hibernate.transaction.jta.platform' to enable JTA platform integration)
2025-03-14T22:56:16.798-07:00  INFO 31396 --- [task-manager] [           main] j.LocalContainerEntityManagerFactoryBean : Initialized JPA EntityManagerFactory for persistence unit 'default'
2025-03-14T22:56:16.846-07:00  WARN 31396 --- [task-manager] [           main] JpaBaseConfiguration$JpaWebConfiguration : spring.jpa.open-in-view is enabled by default. Therefore, database queries may be performed during view rendering. Explicitly configure spring.jpa.open-in-view to disable this warning
2025-03-14T22:56:16.901-07:00  INFO 31396 --- [task-manager] [           main] c.e.t.service_tests.AdminServiceTest     : Started AdminServiceTest in 3.841 seconds (process running for 85.552)
Hibernate: insert into team_member (user_email,user_name) values (?,?)
Hibernate: insert into auth_info (hashed_password,salt,account_id) values (?,?,?)
Hibernate: insert into team_member (user_email,user_name) values (?,?)
Hibernate: insert into auth_info (hashed_password,salt,account_id) values (?,?,?)
Hibernate: insert into team (team_lead_id,team_name) values (?,?)
Hibernate: insert into is_member_of (team_id,account_id) values (?,?)
2025-03-14T22:56:17.776-07:00  INFO 31396 --- [task-manager] [           main] j.LocalContainerEntityManagerFactoryBean : Closing JPA EntityManagerFactory for persistence unit 'default'
2025-03-14T22:56:17.777-07:00  INFO 31396 --- [task-manager] [           main] com.zaxxer.hikari.HikariDataSource       : HikariPool-6 - Shutdown initiated...
2025-03-14T22:56:18.715-07:00  INFO 31396 --- [task-manager] [           main] com.zaxxer.hikari.HikariDataSource       : HikariPool-6 - Shutdown completed.
]]></system-out>
  </testcase>
  <testcase name="testCreateAdmin" classname="com.example.task_manager.service_tests.AdminServiceTest" time="0.961">
    <system-out><![CDATA[2025-03-14T22:56:18.717-07:00  INFO 31396 --- [task-manager] [           main] o.s.b.d.r.RestartApplicationListener     : Restart disabled due to context in which it is running

  .   ____          _            __ _ _
 /\\ / ___'_ __ _ _(_)_ __  __ _ \ \ \ \
( ( )\___ | '_ | '_| | '_ \/ _` | \ \ \ \
 \\/  ___)| |_)| | | | | || (_| |  ) ) ) )
  '  |____| .__|_| |_|_| |_\__, | / / / /
 =========|_|==============|___/=/_/_/_/

 :: Spring Boot ::                (v3.4.2)

2025-03-14T22:56:18.734-07:00  INFO 31396 --- [task-manager] [           main] c.e.t.service_tests.AdminServiceTest     : Starting AdminServiceTest using Java 21.0.5 with PID 31396 (started by timmi in C:\Users\timmi\OneDrive\Documents\School\UBC\2024-25 T2\COSC 310\group project\COSC310_GroupProject_v3\COSC310_GroupProject\backend\task-manager)
2025-03-14T22:56:18.734-07:00  INFO 31396 --- [task-manager] [           main] c.e.t.service_tests.AdminServiceTest     : The following 1 profile is active: "dev"
2025-03-14T22:56:18.842-07:00  INFO 31396 --- [task-manager] [           main] .s.d.r.c.RepositoryConfigurationDelegate : Bootstrapping Spring Data JPA repositories in DEFAULT mode.
2025-03-14T22:56:18.855-07:00  INFO 31396 --- [task-manager] [           main] .s.d.r.c.RepositoryConfigurationDelegate : Finished Spring Data repository scanning in 12 ms. Found 7 JPA repository interfaces.
2025-03-14T22:56:18.899-07:00  INFO 31396 --- [task-manager] [           main] o.hibernate.jpa.internal.util.LogHelper  : HHH000204: Processing PersistenceUnitInfo [name: default]
2025-03-14T22:56:18.902-07:00  INFO 31396 --- [task-manager] [           main] o.h.c.internal.RegionFactoryInitiator    : HHH000026: Second-level cache disabled
2025-03-14T22:56:18.911-07:00  INFO 31396 --- [task-manager] [           main] o.s.o.j.p.SpringPersistenceUnitInfo      : No LoadTimeWeaver setup: ignoring JPA class transformer
2025-03-14T22:56:18.911-07:00  INFO 31396 --- [task-manager] [           main] com.zaxxer.hikari.HikariDataSource       : HikariPool-7 - Starting...
2025-03-14T22:56:19.887-07:00  INFO 31396 --- [task-manager] [           main] com.zaxxer.hikari.pool.HikariPool        : HikariPool-7 - Added connection com.mysql.cj.jdbc.ConnectionImpl@6db1b0c
2025-03-14T22:56:19.887-07:00  INFO 31396 --- [task-manager] [           main] com.zaxxer.hikari.HikariDataSource       : HikariPool-7 - Start completed.
2025-03-14T22:56:19.887-07:00  WARN 31396 --- [task-manager] [           main] org.hibernate.orm.deprecation            : HHH90000025: MySQL8Dialect does not need to be specified explicitly using 'hibernate.dialect' (remove the property setting and it will be selected by default)
2025-03-14T22:56:19.887-07:00  WARN 31396 --- [task-manager] [           main] org.hibernate.orm.deprecation            : HHH90000026: MySQL8Dialect has been deprecated; use org.hibernate.dialect.MySQLDialect instead
2025-03-14T22:56:19.887-07:00  INFO 31396 --- [task-manager] [           main] org.hibernate.orm.connections.pooling    : HHH10001005: Database info:
	Database JDBC URL [Connecting through datasource 'HikariDataSource (HikariPool-7)']
	Database driver: undefined/unknown
	Database version: 8.0
	Autocommit mode: undefined/unknown
	Isolation level: undefined/unknown
	Minimum pool size: undefined/unknown
	Maximum pool size: undefined/unknown
2025-03-14T22:56:19.951-07:00  INFO 31396 --- [task-manager] [           main] o.h.e.t.j.p.i.JtaPlatformInitiator       : HHH000489: No JTA platform available (set 'hibernate.transaction.jta.platform' to enable JTA platform integration)
2025-03-14T22:56:22.414-07:00  INFO 31396 --- [task-manager] [           main] j.LocalContainerEntityManagerFactoryBean : Initialized JPA EntityManagerFactory for persistence unit 'default'
2025-03-14T22:56:22.465-07:00  WARN 31396 --- [task-manager] [           main] JpaBaseConfiguration$JpaWebConfiguration : spring.jpa.open-in-view is enabled by default. Therefore, database queries may be performed during view rendering. Explicitly configure spring.jpa.open-in-view to disable this warning
2025-03-14T22:56:22.529-07:00  INFO 31396 --- [task-manager] [           main] c.e.t.service_tests.AdminServiceTest     : Started AdminServiceTest in 3.812 seconds (process running for 91.18)
Hibernate: insert into team_member (user_email,user_name) values (?,?)
Hibernate: insert into admin (account_id) values (?)
2025-03-14T22:56:23.047-07:00  INFO 31396 --- [task-manager] [           main] j.LocalContainerEntityManagerFactoryBean : Closing JPA EntityManagerFactory for persistence unit 'default'
2025-03-14T22:56:23.047-07:00  INFO 31396 --- [task-manager] [           main] com.zaxxer.hikari.HikariDataSource       : HikariPool-7 - Shutdown initiated...
2025-03-14T22:56:23.490-07:00  INFO 31396 --- [task-manager] [           main] com.zaxxer.hikari.HikariDataSource       : HikariPool-7 - Shutdown completed.
]]></system-out>
  </testcase>
  <testcase name="testModifyAdminName" classname="com.example.task_manager.service_tests.AdminServiceTest" time="0.933">
    <system-out><![CDATA[2025-03-14T22:56:23.493-07:00  INFO 31396 --- [task-manager] [           main] o.s.b.d.r.RestartApplicationListener     : Restart disabled due to context in which it is running

  .   ____          _            __ _ _
 /\\ / ___'_ __ _ _(_)_ __  __ _ \ \ \ \
( ( )\___ | '_ | '_| | '_ \/ _` | \ \ \ \
 \\/  ___)| |_)| | | | | || (_| |  ) ) ) )
  '  |____| .__|_| |_|_| |_\__, | / / / /
 =========|_|==============|___/=/_/_/_/

 :: Spring Boot ::                (v3.4.2)

2025-03-14T22:56:23.511-07:00  INFO 31396 --- [task-manager] [           main] c.e.t.service_tests.AdminServiceTest     : Starting AdminServiceTest using Java 21.0.5 with PID 31396 (started by timmi in C:\Users\timmi\OneDrive\Documents\School\UBC\2024-25 T2\COSC 310\group project\COSC310_GroupProject_v3\COSC310_GroupProject\backend\task-manager)
2025-03-14T22:56:23.511-07:00  INFO 31396 --- [task-manager] [           main] c.e.t.service_tests.AdminServiceTest     : The following 1 profile is active: "dev"
2025-03-14T22:56:23.616-07:00  INFO 31396 --- [task-manager] [           main] .s.d.r.c.RepositoryConfigurationDelegate : Bootstrapping Spring Data JPA repositories in DEFAULT mode.
2025-03-14T22:56:23.630-07:00  INFO 31396 --- [task-manager] [           main] .s.d.r.c.RepositoryConfigurationDelegate : Finished Spring Data repository scanning in 13 ms. Found 7 JPA repository interfaces.
2025-03-14T22:56:23.665-07:00  INFO 31396 --- [task-manager] [           main] o.hibernate.jpa.internal.util.LogHelper  : HHH000204: Processing PersistenceUnitInfo [name: default]
2025-03-14T22:56:23.668-07:00  INFO 31396 --- [task-manager] [           main] o.h.c.internal.RegionFactoryInitiator    : HHH000026: Second-level cache disabled
2025-03-14T22:56:23.677-07:00  INFO 31396 --- [task-manager] [           main] o.s.o.j.p.SpringPersistenceUnitInfo      : No LoadTimeWeaver setup: ignoring JPA class transformer
2025-03-14T22:56:23.678-07:00  INFO 31396 --- [task-manager] [           main] com.zaxxer.hikari.HikariDataSource       : HikariPool-8 - Starting...
2025-03-14T22:56:24.663-07:00  INFO 31396 --- [task-manager] [           main] com.zaxxer.hikari.pool.HikariPool        : HikariPool-8 - Added connection com.mysql.cj.jdbc.ConnectionImpl@59fafacb
2025-03-14T22:56:24.663-07:00  INFO 31396 --- [task-manager] [           main] com.zaxxer.hikari.HikariDataSource       : HikariPool-8 - Start completed.
2025-03-14T22:56:24.663-07:00  WARN 31396 --- [task-manager] [           main] org.hibernate.orm.deprecation            : HHH90000025: MySQL8Dialect does not need to be specified explicitly using 'hibernate.dialect' (remove the property setting and it will be selected by default)
2025-03-14T22:56:24.663-07:00  WARN 31396 --- [task-manager] [           main] org.hibernate.orm.deprecation            : HHH90000026: MySQL8Dialect has been deprecated; use org.hibernate.dialect.MySQLDialect instead
2025-03-14T22:56:24.664-07:00  INFO 31396 --- [task-manager] [           main] org.hibernate.orm.connections.pooling    : HHH10001005: Database info:
	Database JDBC URL [Connecting through datasource 'HikariDataSource (HikariPool-8)']
	Database driver: undefined/unknown
	Database version: 8.0
	Autocommit mode: undefined/unknown
	Isolation level: undefined/unknown
	Minimum pool size: undefined/unknown
	Maximum pool size: undefined/unknown
2025-03-14T22:56:24.735-07:00  INFO 31396 --- [task-manager] [           main] o.h.e.t.j.p.i.JtaPlatformInitiator       : HHH000489: No JTA platform available (set 'hibernate.transaction.jta.platform' to enable JTA platform integration)
2025-03-14T22:56:27.195-07:00  INFO 31396 --- [task-manager] [           main] j.LocalContainerEntityManagerFactoryBean : Initialized JPA EntityManagerFactory for persistence unit 'default'
2025-03-14T22:56:27.242-07:00  WARN 31396 --- [task-manager] [           main] JpaBaseConfiguration$JpaWebConfiguration : spring.jpa.open-in-view is enabled by default. Therefore, database queries may be performed during view rendering. Explicitly configure spring.jpa.open-in-view to disable this warning
2025-03-14T22:56:27.286-07:00  INFO 31396 --- [task-manager] [           main] c.e.t.service_tests.AdminServiceTest     : Started AdminServiceTest in 3.793 seconds (process running for 95.937)
Hibernate: insert into team_member (user_email,user_name) values (?,?)
Hibernate: insert into admin (account_id) values (?)
2025-03-14T22:56:27.767-07:00  INFO 31396 --- [task-manager] [           main] j.LocalContainerEntityManagerFactoryBean : Closing JPA EntityManagerFactory for persistence unit 'default'
2025-03-14T22:56:27.767-07:00  INFO 31396 --- [task-manager] [           main] com.zaxxer.hikari.HikariDataSource       : HikariPool-8 - Shutdown initiated...
2025-03-14T22:56:28.220-07:00  INFO 31396 --- [task-manager] [           main] com.zaxxer.hikari.HikariDataSource       : HikariPool-8 - Shutdown completed.
]]></system-out>
  </testcase>
  <testcase name="testCreateTeamMember" classname="com.example.task_manager.service_tests.AdminServiceTest" time="1.057">
    <system-out><![CDATA[2025-03-14T22:56:28.222-07:00  INFO 31396 --- [task-manager] [           main] o.s.b.d.r.RestartApplicationListener     : Restart disabled due to context in which it is running

  .   ____          _            __ _ _
 /\\ / ___'_ __ _ _(_)_ __  __ _ \ \ \ \
( ( )\___ | '_ | '_| | '_ \/ _` | \ \ \ \
 \\/  ___)| |_)| | | | | || (_| |  ) ) ) )
  '  |____| .__|_| |_|_| |_\__, | / / / /
 =========|_|==============|___/=/_/_/_/

 :: Spring Boot ::                (v3.4.2)

2025-03-14T22:56:28.243-07:00  INFO 31396 --- [task-manager] [           main] c.e.t.service_tests.AdminServiceTest     : Starting AdminServiceTest using Java 21.0.5 with PID 31396 (started by timmi in C:\Users\timmi\OneDrive\Documents\School\UBC\2024-25 T2\COSC 310\group project\COSC310_GroupProject_v3\COSC310_GroupProject\backend\task-manager)
2025-03-14T22:56:28.243-07:00  INFO 31396 --- [task-manager] [           main] c.e.t.service_tests.AdminServiceTest     : The following 1 profile is active: "dev"
2025-03-14T22:56:28.356-07:00  INFO 31396 --- [task-manager] [           main] .s.d.r.c.RepositoryConfigurationDelegate : Bootstrapping Spring Data JPA repositories in DEFAULT mode.
2025-03-14T22:56:28.369-07:00  INFO 31396 --- [task-manager] [           main] .s.d.r.c.RepositoryConfigurationDelegate : Finished Spring Data repository scanning in 12 ms. Found 7 JPA repository interfaces.
2025-03-14T22:56:28.405-07:00  INFO 31396 --- [task-manager] [           main] o.hibernate.jpa.internal.util.LogHelper  : HHH000204: Processing PersistenceUnitInfo [name: default]
2025-03-14T22:56:28.408-07:00  INFO 31396 --- [task-manager] [           main] o.h.c.internal.RegionFactoryInitiator    : HHH000026: Second-level cache disabled
2025-03-14T22:56:28.416-07:00  INFO 31396 --- [task-manager] [           main] o.s.o.j.p.SpringPersistenceUnitInfo      : No LoadTimeWeaver setup: ignoring JPA class transformer
2025-03-14T22:56:28.417-07:00  INFO 31396 --- [task-manager] [           main] com.zaxxer.hikari.HikariDataSource       : HikariPool-9 - Starting...
2025-03-14T22:56:29.414-07:00  INFO 31396 --- [task-manager] [           main] com.zaxxer.hikari.pool.HikariPool        : HikariPool-9 - Added connection com.mysql.cj.jdbc.ConnectionImpl@1802c350
2025-03-14T22:56:29.415-07:00  INFO 31396 --- [task-manager] [           main] com.zaxxer.hikari.HikariDataSource       : HikariPool-9 - Start completed.
2025-03-14T22:56:29.415-07:00  WARN 31396 --- [task-manager] [           main] org.hibernate.orm.deprecation            : HHH90000025: MySQL8Dialect does not need to be specified explicitly using 'hibernate.dialect' (remove the property setting and it will be selected by default)
2025-03-14T22:56:29.415-07:00  WARN 31396 --- [task-manager] [           main] org.hibernate.orm.deprecation            : HHH90000026: MySQL8Dialect has been deprecated; use org.hibernate.dialect.MySQLDialect instead
2025-03-14T22:56:29.415-07:00  INFO 31396 --- [task-manager] [           main] org.hibernate.orm.connections.pooling    : HHH10001005: Database info:
	Database JDBC URL [Connecting through datasource 'HikariDataSource (HikariPool-9)']
	Database driver: undefined/unknown
	Database version: 8.0
	Autocommit mode: undefined/unknown
	Isolation level: undefined/unknown
	Minimum pool size: undefined/unknown
	Maximum pool size: undefined/unknown
2025-03-14T22:56:29.478-07:00  INFO 31396 --- [task-manager] [           main] o.h.e.t.j.p.i.JtaPlatformInitiator       : HHH000489: No JTA platform available (set 'hibernate.transaction.jta.platform' to enable JTA platform integration)
2025-03-14T22:56:31.922-07:00  INFO 31396 --- [task-manager] [           main] j.LocalContainerEntityManagerFactoryBean : Initialized JPA EntityManagerFactory for persistence unit 'default'
2025-03-14T22:56:31.967-07:00  WARN 31396 --- [task-manager] [           main] JpaBaseConfiguration$JpaWebConfiguration : spring.jpa.open-in-view is enabled by default. Therefore, database queries may be performed during view rendering. Explicitly configure spring.jpa.open-in-view to disable this warning
2025-03-14T22:56:32.016-07:00  INFO 31396 --- [task-manager] [           main] c.e.t.service_tests.AdminServiceTest     : Started AdminServiceTest in 3.794 seconds (process running for 100.667)
Hibernate: insert into team_member (user_email,user_name) values (?,?)
2025-03-14T22:56:32.406-07:00  INFO 31396 --- [task-manager] [           main] j.LocalContainerEntityManagerFactoryBean : Closing JPA EntityManagerFactory for persistence unit 'default'
2025-03-14T22:56:32.407-07:00  INFO 31396 --- [task-manager] [           main] com.zaxxer.hikari.HikariDataSource       : HikariPool-9 - Shutdown initiated...
2025-03-14T22:56:33.074-07:00  INFO 31396 --- [task-manager] [           main] com.zaxxer.hikari.HikariDataSource       : HikariPool-9 - Shutdown completed.
]]></system-out>
  </testcase>
  <testcase name="testAssignToNonexistentTeam" classname="com.example.task_manager.service_tests.AdminServiceTest" time="0.966">
    <system-out><![CDATA[2025-03-14T22:56:33.076-07:00  INFO 31396 --- [task-manager] [           main] o.s.b.d.r.RestartApplicationListener     : Restart disabled due to context in which it is running

  .   ____          _            __ _ _
 /\\ / ___'_ __ _ _(_)_ __  __ _ \ \ \ \
( ( )\___ | '_ | '_| | '_ \/ _` | \ \ \ \
 \\/  ___)| |_)| | | | | || (_| |  ) ) ) )
  '  |____| .__|_| |_|_| |_\__, | / / / /
 =========|_|==============|___/=/_/_/_/

 :: Spring Boot ::                (v3.4.2)

2025-03-14T22:56:33.092-07:00  INFO 31396 --- [task-manager] [           main] c.e.t.service_tests.AdminServiceTest     : Starting AdminServiceTest using Java 21.0.5 with PID 31396 (started by timmi in C:\Users\timmi\OneDrive\Documents\School\UBC\2024-25 T2\COSC 310\group project\COSC310_GroupProject_v3\COSC310_GroupProject\backend\task-manager)
2025-03-14T22:56:33.092-07:00  INFO 31396 --- [task-manager] [           main] c.e.t.service_tests.AdminServiceTest     : The following 1 profile is active: "dev"
2025-03-14T22:56:33.202-07:00  INFO 31396 --- [task-manager] [           main] .s.d.r.c.RepositoryConfigurationDelegate : Bootstrapping Spring Data JPA repositories in DEFAULT mode.
2025-03-14T22:56:33.216-07:00  INFO 31396 --- [task-manager] [           main] .s.d.r.c.RepositoryConfigurationDelegate : Finished Spring Data repository scanning in 13 ms. Found 7 JPA repository interfaces.
2025-03-14T22:56:33.250-07:00  INFO 31396 --- [task-manager] [           main] o.hibernate.jpa.internal.util.LogHelper  : HHH000204: Processing PersistenceUnitInfo [name: default]
2025-03-14T22:56:33.254-07:00  INFO 31396 --- [task-manager] [           main] o.h.c.internal.RegionFactoryInitiator    : HHH000026: Second-level cache disabled
2025-03-14T22:56:33.263-07:00  INFO 31396 --- [task-manager] [           main] o.s.o.j.p.SpringPersistenceUnitInfo      : No LoadTimeWeaver setup: ignoring JPA class transformer
2025-03-14T22:56:33.264-07:00  INFO 31396 --- [task-manager] [           main] com.zaxxer.hikari.HikariDataSource       : HikariPool-10 - Starting...
2025-03-14T22:56:34.247-07:00  INFO 31396 --- [task-manager] [           main] com.zaxxer.hikari.pool.HikariPool        : HikariPool-10 - Added connection com.mysql.cj.jdbc.ConnectionImpl@172ed66d
2025-03-14T22:56:34.247-07:00  INFO 31396 --- [task-manager] [           main] com.zaxxer.hikari.HikariDataSource       : HikariPool-10 - Start completed.
2025-03-14T22:56:34.247-07:00  WARN 31396 --- [task-manager] [           main] org.hibernate.orm.deprecation            : HHH90000025: MySQL8Dialect does not need to be specified explicitly using 'hibernate.dialect' (remove the property setting and it will be selected by default)
2025-03-14T22:56:34.247-07:00  WARN 31396 --- [task-manager] [           main] org.hibernate.orm.deprecation            : HHH90000026: MySQL8Dialect has been deprecated; use org.hibernate.dialect.MySQLDialect instead
2025-03-14T22:56:34.247-07:00  INFO 31396 --- [task-manager] [           main] org.hibernate.orm.connections.pooling    : HHH10001005: Database info:
	Database JDBC URL [Connecting through datasource 'HikariDataSource (HikariPool-10)']
	Database driver: undefined/unknown
	Database version: 8.0
	Autocommit mode: undefined/unknown
	Isolation level: undefined/unknown
	Minimum pool size: undefined/unknown
	Maximum pool size: undefined/unknown
2025-03-14T22:56:34.311-07:00  INFO 31396 --- [task-manager] [           main] o.h.e.t.j.p.i.JtaPlatformInitiator       : HHH000489: No JTA platform available (set 'hibernate.transaction.jta.platform' to enable JTA platform integration)
2025-03-14T22:56:36.765-07:00  INFO 31396 --- [task-manager] [           main] j.LocalContainerEntityManagerFactoryBean : Initialized JPA EntityManagerFactory for persistence unit 'default'
2025-03-14T22:56:36.818-07:00  WARN 31396 --- [task-manager] [           main] JpaBaseConfiguration$JpaWebConfiguration : spring.jpa.open-in-view is enabled by default. Therefore, database queries may be performed during view rendering. Explicitly configure spring.jpa.open-in-view to disable this warning
2025-03-14T22:56:36.859-07:00  INFO 31396 --- [task-manager] [           main] c.e.t.service_tests.AdminServiceTest     : Started AdminServiceTest in 3.783 seconds (process running for 105.51)
Hibernate: insert into team_member (user_email,user_name) values (?,?)
Hibernate: select t1_0.team_id,tl1_0.account_id,case when tl1_1.account_id is not null then 1 when tl1_0.account_id is not null then 0 end,ai1_0.account_id,ai1_0.hashed_password,ai1_0.salt,tl1_0.user_email,tl1_0.user_name,t1_0.team_name from team t1_0 left join team_member tl1_0 on tl1_0.account_id=t1_0.team_lead_id left join admin tl1_1 on tl1_0.account_id=tl1_1.account_id left join auth_info ai1_0 on tl1_0.account_id=ai1_0.account_id where t1_0.team_id=?
2025-03-14T22:56:37.342-07:00  INFO 31396 --- [task-manager] [           main] j.LocalContainerEntityManagerFactoryBean : Closing JPA EntityManagerFactory for persistence unit 'default'
2025-03-14T22:56:37.342-07:00  INFO 31396 --- [task-manager] [           main] com.zaxxer.hikari.HikariDataSource       : HikariPool-10 - Shutdown initiated...
2025-03-14T22:56:37.825-07:00  INFO 31396 --- [task-manager] [           main] com.zaxxer.hikari.HikariDataSource       : HikariPool-10 - Shutdown completed.
]]></system-out>
  </testcase>
  <testcase name="testModifyAdminEmail" classname="com.example.task_manager.service_tests.AdminServiceTest" time="0.981">
    <system-out><![CDATA[2025-03-14T22:56:37.827-07:00  INFO 31396 --- [task-manager] [           main] o.s.b.d.r.RestartApplicationListener     : Restart disabled due to context in which it is running

  .   ____          _            __ _ _
 /\\ / ___'_ __ _ _(_)_ __  __ _ \ \ \ \
( ( )\___ | '_ | '_| | '_ \/ _` | \ \ \ \
 \\/  ___)| |_)| | | | | || (_| |  ) ) ) )
  '  |____| .__|_| |_|_| |_\__, | / / / /
 =========|_|==============|___/=/_/_/_/

 :: Spring Boot ::                (v3.4.2)

2025-03-14T22:56:37.843-07:00  INFO 31396 --- [task-manager] [           main] c.e.t.service_tests.AdminServiceTest     : Starting AdminServiceTest using Java 21.0.5 with PID 31396 (started by timmi in C:\Users\timmi\OneDrive\Documents\School\UBC\2024-25 T2\COSC 310\group project\COSC310_GroupProject_v3\COSC310_GroupProject\backend\task-manager)
2025-03-14T22:56:37.843-07:00  INFO 31396 --- [task-manager] [           main] c.e.t.service_tests.AdminServiceTest     : The following 1 profile is active: "dev"
2025-03-14T22:56:37.948-07:00  INFO 31396 --- [task-manager] [           main] .s.d.r.c.RepositoryConfigurationDelegate : Bootstrapping Spring Data JPA repositories in DEFAULT mode.
2025-03-14T22:56:37.963-07:00  INFO 31396 --- [task-manager] [           main] .s.d.r.c.RepositoryConfigurationDelegate : Finished Spring Data repository scanning in 14 ms. Found 7 JPA repository interfaces.
2025-03-14T22:56:38.014-07:00  INFO 31396 --- [task-manager] [           main] o.hibernate.jpa.internal.util.LogHelper  : HHH000204: Processing PersistenceUnitInfo [name: default]
2025-03-14T22:56:38.017-07:00  INFO 31396 --- [task-manager] [           main] o.h.c.internal.RegionFactoryInitiator    : HHH000026: Second-level cache disabled
2025-03-14T22:56:38.026-07:00  INFO 31396 --- [task-manager] [           main] o.s.o.j.p.SpringPersistenceUnitInfo      : No LoadTimeWeaver setup: ignoring JPA class transformer
2025-03-14T22:56:38.027-07:00  INFO 31396 --- [task-manager] [           main] com.zaxxer.hikari.HikariDataSource       : HikariPool-11 - Starting...
2025-03-14T22:56:39.009-07:00  INFO 31396 --- [task-manager] [           main] com.zaxxer.hikari.pool.HikariPool        : HikariPool-11 - Added connection com.mysql.cj.jdbc.ConnectionImpl@752a6b5a
2025-03-14T22:56:39.009-07:00  INFO 31396 --- [task-manager] [           main] com.zaxxer.hikari.HikariDataSource       : HikariPool-11 - Start completed.
2025-03-14T22:56:39.009-07:00  WARN 31396 --- [task-manager] [           main] org.hibernate.orm.deprecation            : HHH90000025: MySQL8Dialect does not need to be specified explicitly using 'hibernate.dialect' (remove the property setting and it will be selected by default)
2025-03-14T22:56:39.009-07:00  WARN 31396 --- [task-manager] [           main] org.hibernate.orm.deprecation            : HHH90000026: MySQL8Dialect has been deprecated; use org.hibernate.dialect.MySQLDialect instead
2025-03-14T22:56:39.009-07:00  INFO 31396 --- [task-manager] [           main] org.hibernate.orm.connections.pooling    : HHH10001005: Database info:
	Database JDBC URL [Connecting through datasource 'HikariDataSource (HikariPool-11)']
	Database driver: undefined/unknown
	Database version: 8.0
	Autocommit mode: undefined/unknown
	Isolation level: undefined/unknown
	Minimum pool size: undefined/unknown
	Maximum pool size: undefined/unknown
2025-03-14T22:56:39.075-07:00  INFO 31396 --- [task-manager] [           main] o.h.e.t.j.p.i.JtaPlatformInitiator       : HHH000489: No JTA platform available (set 'hibernate.transaction.jta.platform' to enable JTA platform integration)
2025-03-14T22:56:41.545-07:00  INFO 31396 --- [task-manager] [           main] j.LocalContainerEntityManagerFactoryBean : Initialized JPA EntityManagerFactory for persistence unit 'default'
2025-03-14T22:56:41.587-07:00  WARN 31396 --- [task-manager] [           main] JpaBaseConfiguration$JpaWebConfiguration : spring.jpa.open-in-view is enabled by default. Therefore, database queries may be performed during view rendering. Explicitly configure spring.jpa.open-in-view to disable this warning
2025-03-14T22:56:41.639-07:00  INFO 31396 --- [task-manager] [           main] c.e.t.service_tests.AdminServiceTest     : Started AdminServiceTest in 3.812 seconds (process running for 110.29)
Hibernate: insert into team_member (user_email,user_name) values (?,?)
Hibernate: insert into admin (account_id) values (?)
2025-03-14T22:56:42.118-07:00  INFO 31396 --- [task-manager] [           main] j.LocalContainerEntityManagerFactoryBean : Closing JPA EntityManagerFactory for persistence unit 'default'
2025-03-14T22:56:42.118-07:00  INFO 31396 --- [task-manager] [           main] com.zaxxer.hikari.HikariDataSource       : HikariPool-11 - Shutdown initiated...
2025-03-14T22:56:42.621-07:00  INFO 31396 --- [task-manager] [           main] com.zaxxer.hikari.HikariDataSource       : HikariPool-11 - Shutdown completed.
]]></system-out>
  </testcase>
  <testcase name="testDeleteTeamMember" classname="com.example.task_manager.service_tests.AdminServiceTest" time="0.975">
    <system-out><![CDATA[2025-03-14T22:56:42.623-07:00  INFO 31396 --- [task-manager] [           main] o.s.b.d.r.RestartApplicationListener     : Restart disabled due to context in which it is running

  .   ____          _            __ _ _
 /\\ / ___'_ __ _ _(_)_ __  __ _ \ \ \ \
( ( )\___ | '_ | '_| | '_ \/ _` | \ \ \ \
 \\/  ___)| |_)| | | | | || (_| |  ) ) ) )
  '  |____| .__|_| |_|_| |_\__, | / / / /
 =========|_|==============|___/=/_/_/_/

 :: Spring Boot ::                (v3.4.2)

2025-03-14T22:56:42.645-07:00  INFO 31396 --- [task-manager] [           main] c.e.t.service_tests.AdminServiceTest     : Starting AdminServiceTest using Java 21.0.5 with PID 31396 (started by timmi in C:\Users\timmi\OneDrive\Documents\School\UBC\2024-25 T2\COSC 310\group project\COSC310_GroupProject_v3\COSC310_GroupProject\backend\task-manager)
2025-03-14T22:56:42.645-07:00  INFO 31396 --- [task-manager] [           main] c.e.t.service_tests.AdminServiceTest     : The following 1 profile is active: "dev"
2025-03-14T22:56:42.761-07:00  INFO 31396 --- [task-manager] [           main] .s.d.r.c.RepositoryConfigurationDelegate : Bootstrapping Spring Data JPA repositories in DEFAULT mode.
2025-03-14T22:56:42.775-07:00  INFO 31396 --- [task-manager] [           main] .s.d.r.c.RepositoryConfigurationDelegate : Finished Spring Data repository scanning in 13 ms. Found 7 JPA repository interfaces.
2025-03-14T22:56:42.814-07:00  INFO 31396 --- [task-manager] [           main] o.hibernate.jpa.internal.util.LogHelper  : HHH000204: Processing PersistenceUnitInfo [name: default]
2025-03-14T22:56:42.817-07:00  INFO 31396 --- [task-manager] [           main] o.h.c.internal.RegionFactoryInitiator    : HHH000026: Second-level cache disabled
2025-03-14T22:56:42.831-07:00  INFO 31396 --- [task-manager] [           main] o.s.o.j.p.SpringPersistenceUnitInfo      : No LoadTimeWeaver setup: ignoring JPA class transformer
2025-03-14T22:56:42.832-07:00  INFO 31396 --- [task-manager] [           main] com.zaxxer.hikari.HikariDataSource       : HikariPool-12 - Starting...
2025-03-14T22:56:43.847-07:00  INFO 31396 --- [task-manager] [           main] com.zaxxer.hikari.pool.HikariPool        : HikariPool-12 - Added connection com.mysql.cj.jdbc.ConnectionImpl@4ad1ed3
2025-03-14T22:56:43.848-07:00  INFO 31396 --- [task-manager] [           main] com.zaxxer.hikari.HikariDataSource       : HikariPool-12 - Start completed.
2025-03-14T22:56:43.848-07:00  WARN 31396 --- [task-manager] [           main] org.hibernate.orm.deprecation            : HHH90000025: MySQL8Dialect does not need to be specified explicitly using 'hibernate.dialect' (remove the property setting and it will be selected by default)
2025-03-14T22:56:43.848-07:00  WARN 31396 --- [task-manager] [           main] org.hibernate.orm.deprecation            : HHH90000026: MySQL8Dialect has been deprecated; use org.hibernate.dialect.MySQLDialect instead
2025-03-14T22:56:43.848-07:00  INFO 31396 --- [task-manager] [           main] org.hibernate.orm.connections.pooling    : HHH10001005: Database info:
	Database JDBC URL [Connecting through datasource 'HikariDataSource (HikariPool-12)']
	Database driver: undefined/unknown
	Database version: 8.0
	Autocommit mode: undefined/unknown
	Isolation level: undefined/unknown
	Minimum pool size: undefined/unknown
	Maximum pool size: undefined/unknown
2025-03-14T22:56:43.906-07:00  INFO 31396 --- [task-manager] [           main] o.h.e.t.j.p.i.JtaPlatformInitiator       : HHH000489: No JTA platform available (set 'hibernate.transaction.jta.platform' to enable JTA platform integration)
2025-03-14T22:56:46.384-07:00  INFO 31396 --- [task-manager] [           main] j.LocalContainerEntityManagerFactoryBean : Initialized JPA EntityManagerFactory for persistence unit 'default'
2025-03-14T22:56:46.424-07:00  WARN 31396 --- [task-manager] [           main] JpaBaseConfiguration$JpaWebConfiguration : spring.jpa.open-in-view is enabled by default. Therefore, database queries may be performed during view rendering. Explicitly configure spring.jpa.open-in-view to disable this warning
2025-03-14T22:56:46.466-07:00  INFO 31396 --- [task-manager] [           main] c.e.t.service_tests.AdminServiceTest     : Started AdminServiceTest in 3.843 seconds (process running for 115.116)
Hibernate: insert into team_member (user_email,user_name) values (?,?)
2025-03-14T22:56:46.856-07:00  INFO 31396 --- [task-manager] [           main] j.LocalContainerEntityManagerFactoryBean : Closing JPA EntityManagerFactory for persistence unit 'default'
2025-03-14T22:56:46.857-07:00  INFO 31396 --- [task-manager] [           main] com.zaxxer.hikari.HikariDataSource       : HikariPool-12 - Shutdown initiated...
2025-03-14T22:56:47.441-07:00  INFO 31396 --- [task-manager] [           main] com.zaxxer.hikari.HikariDataSource       : HikariPool-12 - Shutdown completed.
]]></system-out>
  </testcase>
  <testcase name="testModifyNonExistentAdmin" classname="com.example.task_manager.service_tests.AdminServiceTest" time="1.736">
    <system-out><![CDATA[2025-03-14T22:56:47.444-07:00  INFO 31396 --- [task-manager] [           main] o.s.b.d.r.RestartApplicationListener     : Restart disabled due to context in which it is running

  .   ____          _            __ _ _
 /\\ / ___'_ __ _ _(_)_ __  __ _ \ \ \ \
( ( )\___ | '_ | '_| | '_ \/ _` | \ \ \ \
 \\/  ___)| |_)| | | | | || (_| |  ) ) ) )
  '  |____| .__|_| |_|_| |_\__, | / / / /
 =========|_|==============|___/=/_/_/_/

 :: Spring Boot ::                (v3.4.2)

2025-03-14T22:56:47.464-07:00  INFO 31396 --- [task-manager] [           main] c.e.t.service_tests.AdminServiceTest     : Starting AdminServiceTest using Java 21.0.5 with PID 31396 (started by timmi in C:\Users\timmi\OneDrive\Documents\School\UBC\2024-25 T2\COSC 310\group project\COSC310_GroupProject_v3\COSC310_GroupProject\backend\task-manager)
2025-03-14T22:56:47.465-07:00  INFO 31396 --- [task-manager] [           main] c.e.t.service_tests.AdminServiceTest     : The following 1 profile is active: "dev"
2025-03-14T22:56:47.612-07:00  INFO 31396 --- [task-manager] [           main] .s.d.r.c.RepositoryConfigurationDelegate : Bootstrapping Spring Data JPA repositories in DEFAULT mode.
2025-03-14T22:56:47.627-07:00  INFO 31396 --- [task-manager] [           main] .s.d.r.c.RepositoryConfigurationDelegate : Finished Spring Data repository scanning in 14 ms. Found 7 JPA repository interfaces.
2025-03-14T22:56:47.668-07:00  INFO 31396 --- [task-manager] [           main] o.hibernate.jpa.internal.util.LogHelper  : HHH000204: Processing PersistenceUnitInfo [name: default]
2025-03-14T22:56:47.673-07:00  INFO 31396 --- [task-manager] [           main] o.h.c.internal.RegionFactoryInitiator    : HHH000026: Second-level cache disabled
2025-03-14T22:56:47.682-07:00  INFO 31396 --- [task-manager] [           main] o.s.o.j.p.SpringPersistenceUnitInfo      : No LoadTimeWeaver setup: ignoring JPA class transformer
2025-03-14T22:56:47.683-07:00  INFO 31396 --- [task-manager] [           main] com.zaxxer.hikari.HikariDataSource       : HikariPool-13 - Starting...
2025-03-14T22:56:48.669-07:00  INFO 31396 --- [task-manager] [           main] com.zaxxer.hikari.pool.HikariPool        : HikariPool-13 - Added connection com.mysql.cj.jdbc.ConnectionImpl@712de3ff
2025-03-14T22:56:48.670-07:00  INFO 31396 --- [task-manager] [           main] com.zaxxer.hikari.HikariDataSource       : HikariPool-13 - Start completed.
2025-03-14T22:56:48.670-07:00  WARN 31396 --- [task-manager] [           main] org.hibernate.orm.deprecation            : HHH90000025: MySQL8Dialect does not need to be specified explicitly using 'hibernate.dialect' (remove the property setting and it will be selected by default)
2025-03-14T22:56:48.670-07:00  WARN 31396 --- [task-manager] [           main] org.hibernate.orm.deprecation            : HHH90000026: MySQL8Dialect has been deprecated; use org.hibernate.dialect.MySQLDialect instead
2025-03-14T22:56:48.670-07:00  INFO 31396 --- [task-manager] [           main] org.hibernate.orm.connections.pooling    : HHH10001005: Database info:
	Database JDBC URL [Connecting through datasource 'HikariDataSource (HikariPool-13)']
	Database driver: undefined/unknown
	Database version: 8.0
	Autocommit mode: undefined/unknown
	Isolation level: undefined/unknown
	Minimum pool size: undefined/unknown
	Maximum pool size: undefined/unknown
2025-03-14T22:56:48.731-07:00  INFO 31396 --- [task-manager] [           main] o.h.e.t.j.p.i.JtaPlatformInitiator       : HHH000489: No JTA platform available (set 'hibernate.transaction.jta.platform' to enable JTA platform integration)
2025-03-14T22:56:51.195-07:00  INFO 31396 --- [task-manager] [           main] j.LocalContainerEntityManagerFactoryBean : Initialized JPA EntityManagerFactory for persistence unit 'default'
2025-03-14T22:56:51.245-07:00  WARN 31396 --- [task-manager] [           main] JpaBaseConfiguration$JpaWebConfiguration : spring.jpa.open-in-view is enabled by default. Therefore, database queries may be performed during view rendering. Explicitly configure spring.jpa.open-in-view to disable this warning
2025-03-14T22:56:51.287-07:00  INFO 31396 --- [task-manager] [           main] c.e.t.service_tests.AdminServiceTest     : Started AdminServiceTest in 3.843 seconds (process running for 119.938)
Hibernate: select a1_0.account_id,ai1_0.account_id,ai1_0.hashed_password,ai1_0.salt,a1_1.user_email,a1_1.user_name from admin a1_0 join team_member a1_1 on a1_0.account_id=a1_1.account_id left join auth_info ai1_0 on a1_1.account_id=ai1_0.account_id where a1_0.account_id=?
2025-03-14T22:56:52.023-07:00  INFO 31396 --- [task-manager] [           main] j.LocalContainerEntityManagerFactoryBean : Closing JPA EntityManagerFactory for persistence unit 'default'
2025-03-14T22:56:52.023-07:00  INFO 31396 --- [task-manager] [           main] com.zaxxer.hikari.HikariDataSource       : HikariPool-13 - Shutdown initiated...
2025-03-14T22:56:53.024-07:00  INFO 31396 --- [task-manager] [           main] com.zaxxer.hikari.HikariDataSource       : HikariPool-13 - Shutdown completed.
]]></system-out>
  </testcase>
  <testcase name="testLockNonexistentTask" classname="com.example.task_manager.service_tests.AdminServiceTest" time="0.803">
    <system-out><![CDATA[2025-03-14T22:56:53.026-07:00  INFO 31396 --- [task-manager] [           main] o.s.b.d.r.RestartApplicationListener     : Restart disabled due to context in which it is running

  .   ____          _            __ _ _
 /\\ / ___'_ __ _ _(_)_ __  __ _ \ \ \ \
( ( )\___ | '_ | '_| | '_ \/ _` | \ \ \ \
 \\/  ___)| |_)| | | | | || (_| |  ) ) ) )
  '  |____| .__|_| |_|_| |_\__, | / / / /
 =========|_|==============|___/=/_/_/_/

 :: Spring Boot ::                (v3.4.2)

2025-03-14T22:56:53.042-07:00  INFO 31396 --- [task-manager] [           main] c.e.t.service_tests.AdminServiceTest     : Starting AdminServiceTest using Java 21.0.5 with PID 31396 (started by timmi in C:\Users\timmi\OneDrive\Documents\School\UBC\2024-25 T2\COSC 310\group project\COSC310_GroupProject_v3\COSC310_GroupProject\backend\task-manager)
2025-03-14T22:56:53.042-07:00  INFO 31396 --- [task-manager] [           main] c.e.t.service_tests.AdminServiceTest     : The following 1 profile is active: "dev"
2025-03-14T22:56:53.149-07:00  INFO 31396 --- [task-manager] [           main] .s.d.r.c.RepositoryConfigurationDelegate : Bootstrapping Spring Data JPA repositories in DEFAULT mode.
2025-03-14T22:56:53.170-07:00  INFO 31396 --- [task-manager] [           main] .s.d.r.c.RepositoryConfigurationDelegate : Finished Spring Data repository scanning in 20 ms. Found 7 JPA repository interfaces.
2025-03-14T22:56:53.211-07:00  INFO 31396 --- [task-manager] [           main] o.hibernate.jpa.internal.util.LogHelper  : HHH000204: Processing PersistenceUnitInfo [name: default]
2025-03-14T22:56:53.214-07:00  INFO 31396 --- [task-manager] [           main] o.h.c.internal.RegionFactoryInitiator    : HHH000026: Second-level cache disabled
2025-03-14T22:56:53.222-07:00  INFO 31396 --- [task-manager] [           main] o.s.o.j.p.SpringPersistenceUnitInfo      : No LoadTimeWeaver setup: ignoring JPA class transformer
2025-03-14T22:56:53.223-07:00  INFO 31396 --- [task-manager] [           main] com.zaxxer.hikari.HikariDataSource       : HikariPool-14 - Starting...
2025-03-14T22:56:54.255-07:00  INFO 31396 --- [task-manager] [           main] com.zaxxer.hikari.pool.HikariPool        : HikariPool-14 - Added connection com.mysql.cj.jdbc.ConnectionImpl@5efa2b92
2025-03-14T22:56:54.255-07:00  INFO 31396 --- [task-manager] [           main] com.zaxxer.hikari.HikariDataSource       : HikariPool-14 - Start completed.
2025-03-14T22:56:54.255-07:00  WARN 31396 --- [task-manager] [           main] org.hibernate.orm.deprecation            : HHH90000025: MySQL8Dialect does not need to be specified explicitly using 'hibernate.dialect' (remove the property setting and it will be selected by default)
2025-03-14T22:56:54.255-07:00  WARN 31396 --- [task-manager] [           main] org.hibernate.orm.deprecation            : HHH90000026: MySQL8Dialect has been deprecated; use org.hibernate.dialect.MySQLDialect instead
2025-03-14T22:56:54.255-07:00  INFO 31396 --- [task-manager] [           main] org.hibernate.orm.connections.pooling    : HHH10001005: Database info:
	Database JDBC URL [Connecting through datasource 'HikariDataSource (HikariPool-14)']
	Database driver: undefined/unknown
	Database version: 8.0
	Autocommit mode: undefined/unknown
	Isolation level: undefined/unknown
	Minimum pool size: undefined/unknown
	Maximum pool size: undefined/unknown
2025-03-14T22:56:54.309-07:00  INFO 31396 --- [task-manager] [           main] o.h.e.t.j.p.i.JtaPlatformInitiator       : HHH000489: No JTA platform available (set 'hibernate.transaction.jta.platform' to enable JTA platform integration)
2025-03-14T22:56:57.102-07:00  INFO 31396 --- [task-manager] [           main] j.LocalContainerEntityManagerFactoryBean : Initialized JPA EntityManagerFactory for persistence unit 'default'
2025-03-14T22:56:57.140-07:00  WARN 31396 --- [task-manager] [           main] JpaBaseConfiguration$JpaWebConfiguration : spring.jpa.open-in-view is enabled by default. Therefore, database queries may be performed during view rendering. Explicitly configure spring.jpa.open-in-view to disable this warning
2025-03-14T22:56:57.182-07:00  INFO 31396 --- [task-manager] [           main] c.e.t.service_tests.AdminServiceTest     : Started AdminServiceTest in 4.156 seconds (process running for 125.832)
Hibernate: select t1_0.task_id,t1_0.date_created,t1_0.description,t1_0.due_date,t1_0.expected_completion_date,t1_0.is_locked,t1_0.status,t2_0.team_id,tl1_0.account_id,case when tl1_1.account_id is not null then 1 when tl1_0.account_id is not null then 0 end,tl1_0.user_email,tl1_0.user_name,t2_0.team_name,t1_0.title from task t1_0 left join team t2_0 on t2_0.team_id=t1_0.team_id left join team_member tl1_0 on tl1_0.account_id=t2_0.team_lead_id left join admin tl1_1 on tl1_0.account_id=tl1_1.account_id where t1_0.task_id=?
2025-03-14T22:56:57.529-07:00  INFO 31396 --- [task-manager] [           main] j.LocalContainerEntityManagerFactoryBean : Closing JPA EntityManagerFactory for persistence unit 'default'
2025-03-14T22:56:57.529-07:00  INFO 31396 --- [task-manager] [           main] com.zaxxer.hikari.HikariDataSource       : HikariPool-14 - Shutdown initiated...
2025-03-14T22:56:57.985-07:00  INFO 31396 --- [task-manager] [           main] com.zaxxer.hikari.HikariDataSource       : HikariPool-14 - Shutdown completed.
]]></system-out>
  </testcase>
  <testcase name="testModifyTeamMemberName" classname="com.example.task_manager.service_tests.AdminServiceTest" time="1.046">
    <system-out><![CDATA[2025-03-14T22:56:57.988-07:00  INFO 31396 --- [task-manager] [           main] o.s.b.d.r.RestartApplicationListener     : Restart disabled due to context in which it is running

  .   ____          _            __ _ _
 /\\ / ___'_ __ _ _(_)_ __  __ _ \ \ \ \
( ( )\___ | '_ | '_| | '_ \/ _` | \ \ \ \
 \\/  ___)| |_)| | | | | || (_| |  ) ) ) )
  '  |____| .__|_| |_|_| |_\__, | / / / /
 =========|_|==============|___/=/_/_/_/

 :: Spring Boot ::                (v3.4.2)

2025-03-14T22:56:58.005-07:00  INFO 31396 --- [task-manager] [           main] c.e.t.service_tests.AdminServiceTest     : Starting AdminServiceTest using Java 21.0.5 with PID 31396 (started by timmi in C:\Users\timmi\OneDrive\Documents\School\UBC\2024-25 T2\COSC 310\group project\COSC310_GroupProject_v3\COSC310_GroupProject\backend\task-manager)
2025-03-14T22:56:58.005-07:00  INFO 31396 --- [task-manager] [           main] c.e.t.service_tests.AdminServiceTest     : The following 1 profile is active: "dev"
2025-03-14T22:56:58.108-07:00  INFO 31396 --- [task-manager] [           main] .s.d.r.c.RepositoryConfigurationDelegate : Bootstrapping Spring Data JPA repositories in DEFAULT mode.
2025-03-14T22:56:58.122-07:00  INFO 31396 --- [task-manager] [           main] .s.d.r.c.RepositoryConfigurationDelegate : Finished Spring Data repository scanning in 13 ms. Found 7 JPA repository interfaces.
2025-03-14T22:56:58.154-07:00  INFO 31396 --- [task-manager] [           main] o.hibernate.jpa.internal.util.LogHelper  : HHH000204: Processing PersistenceUnitInfo [name: default]
2025-03-14T22:56:58.157-07:00  INFO 31396 --- [task-manager] [           main] o.h.c.internal.RegionFactoryInitiator    : HHH000026: Second-level cache disabled
2025-03-14T22:56:58.165-07:00  INFO 31396 --- [task-manager] [           main] o.s.o.j.p.SpringPersistenceUnitInfo      : No LoadTimeWeaver setup: ignoring JPA class transformer
2025-03-14T22:56:58.166-07:00  INFO 31396 --- [task-manager] [           main] com.zaxxer.hikari.HikariDataSource       : HikariPool-15 - Starting...
2025-03-14T22:56:59.148-07:00  INFO 31396 --- [task-manager] [           main] com.zaxxer.hikari.pool.HikariPool        : HikariPool-15 - Added connection com.mysql.cj.jdbc.ConnectionImpl@cd661f4
2025-03-14T22:56:59.148-07:00  INFO 31396 --- [task-manager] [           main] com.zaxxer.hikari.HikariDataSource       : HikariPool-15 - Start completed.
2025-03-14T22:56:59.148-07:00  WARN 31396 --- [task-manager] [           main] org.hibernate.orm.deprecation            : HHH90000025: MySQL8Dialect does not need to be specified explicitly using 'hibernate.dialect' (remove the property setting and it will be selected by default)
2025-03-14T22:56:59.149-07:00  WARN 31396 --- [task-manager] [           main] org.hibernate.orm.deprecation            : HHH90000026: MySQL8Dialect has been deprecated; use org.hibernate.dialect.MySQLDialect instead
2025-03-14T22:56:59.149-07:00  INFO 31396 --- [task-manager] [           main] org.hibernate.orm.connections.pooling    : HHH10001005: Database info:
	Database JDBC URL [Connecting through datasource 'HikariDataSource (HikariPool-15)']
	Database driver: undefined/unknown
	Database version: 8.0
	Autocommit mode: undefined/unknown
	Isolation level: undefined/unknown
	Minimum pool size: undefined/unknown
	Maximum pool size: undefined/unknown
2025-03-14T22:56:59.205-07:00  INFO 31396 --- [task-manager] [           main] o.h.e.t.j.p.i.JtaPlatformInitiator       : HHH000489: No JTA platform available (set 'hibernate.transaction.jta.platform' to enable JTA platform integration)
2025-03-14T22:57:01.662-07:00  INFO 31396 --- [task-manager] [           main] j.LocalContainerEntityManagerFactoryBean : Initialized JPA EntityManagerFactory for persistence unit 'default'
2025-03-14T22:57:01.701-07:00  WARN 31396 --- [task-manager] [           main] JpaBaseConfiguration$JpaWebConfiguration : spring.jpa.open-in-view is enabled by default. Therefore, database queries may be performed during view rendering. Explicitly configure spring.jpa.open-in-view to disable this warning
2025-03-14T22:57:01.744-07:00  INFO 31396 --- [task-manager] [           main] c.e.t.service_tests.AdminServiceTest     : Started AdminServiceTest in 3.756 seconds (process running for 130.394)
Hibernate: insert into team_member (user_email,user_name) values (?,?)
2025-03-14T22:57:02.139-07:00  INFO 31396 --- [task-manager] [           main] j.LocalContainerEntityManagerFactoryBean : Closing JPA EntityManagerFactory for persistence unit 'default'
2025-03-14T22:57:02.140-07:00  INFO 31396 --- [task-manager] [           main] com.zaxxer.hikari.HikariDataSource       : HikariPool-15 - Shutdown initiated...
2025-03-14T22:57:02.791-07:00  INFO 31396 --- [task-manager] [           main] com.zaxxer.hikari.HikariDataSource       : HikariPool-15 - Shutdown completed.
]]></system-out>
  </testcase>
</testsuite>